[    0.000000] Initializing cgroup subsys cpuset
[    0.000000] Initializing cgrou subsys cpu
[    0.000000] Initializing cgroup subsys cpuacct
[    0.00000] Linux version 4.4.0-137-generic (buildd@lgw01-amd64-037)gcc version 5.4.0 20160609 (Ubuntu 5.4.0-6ubuntu1~.04.10) ) #163-Ubuntu SMP Mon Sep 24 13:14:43 UTC 2018 (Ubuntu 4.4.0-137.163-generic 4.4.144)
[    0.000000] Command lin BOOT_IMAGE=/boot/vmlinuz-4.4.0-137-generic rot=LABEL=cloudimg-rootfs ro console=tty1 console=ttyS0
[    0.000000] KERNEL supported cpus:
[    0.000000]   Intel GenuineIntel
[    0.000000]   AMD AuthenticAMD
[  0.000000]   Centaur CentaurHauls
[    0.000000] x86/fpu: xstate_offset[2]:  576, xstate_sizes[2]:  256
[    0.000000] x86/fpu: Supporting XSAVE feature 0x01: 'x87 floating point registers'
[    0.000000] x86/fpu: Supporting XSAVE feature 0x002: 'SSE registers'
[   0.000000] x86/fpu: Supporting XSAVE feature 0x04: 'AVX registers'
[    0.000000] x86/fpu: Enabled xstate features 0x7, context size is 832 bytes, using 'standard' format.
[    0.000000] e820: BIOS-provided physical RAM map:
[    .000000] BIOS-e820: [mem 0x0000000000000000-0x000000000009fbff] usable
[   0.000000] BIOS-e820: [mem 0x000000000009fc00-0x000000000009ffff] reserved
[    0.000000] BIOS-e820: [mem 0x0000000000f0000-0x00000000000fffff] reserved
[    0.000000] BIOS-e20: [mem x0000000000100000-0x000000003ffeffff] usable
[    0.000000] BIOS-e820: [mem 0x000000003fff0000-0x000000003fffffff] ACPI data
[    0.000000] BIOS-e820: [mem 0x00000000fec00000-0x00000000fec00fff] reserved
[    0.000000] BIOS-e820: [mem 0x00000000fee00000-0x00000000fee00ffff] reserved
[    0.000000] BIOS-e820: [mem 0x00000000fffc000-0x00000000ffffffff] reserved
[    0.000000] NX (Execute Disable) protection: active
[    0.000000] SMBIOS 2.5 present.
[    0.000000] Hypervisor detected: KVM
[    0.000000] e820: last_pfn = 0x3ff0 max_arch_pfn = 0x400000000
[    0.000000] MTRR: Disabled
[    0.000000] x86/PAT: MTRRs disabled, skipping PAT initialization too.
[    0.000000] CPU MTRRs all blank - virtualized system.
[    0.00000] x86/PAT: Configuration [0-7]: WB  WT  U- UC  WB  WT  UC-UC  
[    0.000000] found SMP MP-table at [mem 0x0009fff0-0x0009ffff] mapped at [ffff88000009fff0]
[    0.000000] Scanning 1 areas for low memory corruption
[    0.000000] RAMDISK: [mm 0x3630e000-0x3717efff]
[    0.000000] ACPI: Early table checksum verification disabled
[    0.000000] ACPI: RSDP 0x00000000000E0000 000024 (v02 VBOX  )
[    0.000000] ACPI: XSDT 0x000000003FFF0030 00003C (v01 VBOX   VBOXXSDT 00000001 ASL  000001)
[    0.000000] ACPI: FACP 0x000000003FFF00F0 0000F4 (v04 VBOX   VBOXFACP 00000001 ASL  00000061)
[    0.000000] ACPI: DSDT 0x000000003FFF0470 00FF (v02 VBOX   VBOXBIOS 00000002 INTL 20100528)
[    0.000000] ACPI: FACS 0x000000003FFF0200 000040
[    0.000000ACPI: FACS 0x000000003FFF0200 000040
[    0.000000] ACPI: APIC 0x000000003FFF040 00005C (v2 VBOX   VBOXAPIC00000001 ASL  00000061)
[    0.000000] ACPI: SSD0x000000003FFF02A0 0001CC (v01 VBOX   VBOXCPUT 00000002 INTL 20100528)
[   0.000000] No NUMA configuration foun
[    0.00000] Faking a node at [mem 0x0000000000000000-0x000000003ffeffff]
[    0.000000] NOE_ATA(0) allocated [mem 0x3ffeb000-0x3ffeffff]
[    0000000] kvm-clock: Usin msrs 4564d01 and 4b564d00
[    0.000000] kvm-clock: cpu 0, msr 3ffe3001, primary cpu clock
[    0.000000] kvm-clck ung sched offst of 5976621612 cyles
[    00.000000] clocksource: kvm-clock: ma: 0xfffffffffffff max_cycles: 0x1cd42e4dffb, max_idle_ns: 881590591483 ns
   0.000000] Zone ranges:
[    0.00000]   DMA      [m 0x0000000000001000-00000000000ffffff]
[    0.000000]   DMA32    [mem 0x000000001000000-0x000000003ffeffff]
[    0.00000]   Normal   empty
[    0.000000]   Device   empty
[    .000000] Movable zone start for each node
[    0.000000] Early memory node ranges
[    0.000000]   node   0: [mem 0x0000000000001000-0x000000000009efff]
[    0.000000]   node   0: [mem 0x0000000000100000-0x00000003ffeffff]
[    0.000000] Initmem setup node 0 [mem 0x0000000000001000-0x000000003ffeffff]
[    0.000000] ACPI PM-Timer IO Por: 0x4008
[   0.000000] IOAPIC[0]: apc_id 2, version 32, adress 0xfc00000, GSI 0-23
[    0.00000] ACPI: INT_SRC_OVR (bus 0 bus_irq 0 gobal_irq 2 dfl dl)
[   0.00000] ACPI: INT_SRC_OVR (bus 0 bus_irq 9 global_ir 9 low level)
[    0.000000] Using ACPI (MADT) fo SMP configuration information
[    0.000000] mpbot: Allowing 2 CPUs, 0 hotplu CPUs
[    0.000000] PM: Registered nosave memory: [mem 0x00000000-0x00000fff][    0.000000] PM: Registered nosave memory: [mem 0x009f000-0x0009fff]
[    0.000000] PM: Registered nosave memory: [mem 0x000a0000-0x000effff]
[   0.00000] PM: Registered nosave memory: [mem 0x000f0000-0x000fffff]
[    000000] e820: [mem 0x40000000-0xfebfffff] available for PCI devices
[    0.000000] Booting paravirtualized kernel on KVM
[    0.000000] clocksource: refined-jiffies: mask: 0xffffffff max_cycles: 0xffffffff, max_idle_ns: 764551960011568 ns
[    0.000000] setup_percpu: NR_CPUS:512 nr_cpumask_bits:512 nr_cpu_ids:2 nr_node_ids:1
[    0.000000] PERCPU: Embedded 34 pages/cpu @ffff88003fc00000 s99608 r8192 d31464 u1048576
[    0.00000] PV qspinlock hash table entries: 256 (order: 0, 4096 bytes)
[    0.000000] Built 1 zoneists in Ndee order, mobilit gropingon.  Total pages: 257912
[    0.0000] Poicy zone: DMA32
[    0.000000] Kernel command line: BOOT_IMAGE=/boot/vmlinuz-4.4.0-137-gneric oot=LABEL=cloudimg-rootfs ro console=tty1 console=ttyS0
[    .00000] PID hash table entries: 4096 (order: 3, 32768 bytes)
[    0.000000] Memory: 997716K/1048120K available (8555K kernel code, 1314K rwdata, 4004K rodata, 1528K init, 1316K bss, 50404K reserved, 0K cma-reserved)
[    0.000000] SLUB: HWalign=64, Order=0-, MinObjects=0, CPUs=2, Nodes1
[    0.000000] Kernel/User page tables isolation: enabled
[    0.00000] Hierarchical RCU implementtion.
[    0.00000] 	Build-time adjustment of eaf fanout to 64
[    0.000000] 	RU restricting CPs from NR_CPUS=512 t nr_cpu_ids=2.
[   .000000] RCU: Adjusting geometry for rcu_fanout_leaf=64, nr_cpu_ids=2
[    0.000000] NR_IRQS:33024 nr_irqs:440 6
[    0.000000] Console: colour VGA+ 80x25
[    0.000000] consoe [tty1] enabled
    0.000000] coonsole [ttyS0] enaed
[    0.00000] tsc: Detected 1799.999 MHz processor
[    3.073941] Calibrating delay loop (skipped) preset value.. 3599.99 BogoMIPS (lpj=7199996)
[    3.087005] pid_max: default: 32768 minimum: 301
[    3.090537] ACPI: Core revision 20150930
[    3.093422] ACPI: 2 ACPI AML tables successfully acquired and loaded
[    3.098014] Security Framework initialized
[    3.110226] Yama: becoming mindful.
[    3.129468] AppArmor: AppArmor initialized
[    3.142806] Dentry cache hash table entries: 131072 (order: 8, 1048576 bytes)
[    3.165165] Inode-cache hash table entries: 65536 (order: 7, 524288 bytes)
[    3.178145] Mount-cache hash table entries: 2048 (order: 2, 16384 bytes)
[    3.198015] Mountpoint-cache hash table entries: 2048 (order: 2, 16384 bytes)
[    3.210167] Initializing cgroup subsys io
[    3.217461] Initializing cgroup subsys memory
[    3.219679] Initializing cgroup subsys devices
[    3.221158] Initializing cgroup subsys freezer
[    3.223009] Initializing cgroup subsys net_cls
[    3.226011] Initializing cgroup subsys perf_event
[    3.233930] Initializing cgroup subsys net_prio
[    3.241323] Initializing cgroup subsys hugetlb
[    3.242972] Initializing cgroup subsys pids
[    3.245900] mce: CPU supports 0 MCE banks
[    3.259540] Last level iTLB entries: 4KB 64, 2MB 8, 4MB 8
[    3.263145] Last level dTLB entries: 4KB 64, 2MB 0, 4MB 0, 1GB 4
[    3.282109] Spectre V2 : Mitigation: Full generic retpoline
[    3.286600] Spectre V2 : Spectre v2 mitigation: Speculation control IBPB not-supported IBRS not-supported
[    3.309241] Spectre V2 : Spectre v2 / SpectreRSB mitigation: Filling RSB on context switch
[    3.340894] Speculative Store Bypass: Vulnerable
[    3.376597] Freeing SMP alternatives memory: 32K
[    3.397502] ftrace: allocating 32265 entries in 127 pages
[    3.478233] smpboot: APIC(0) Converting physical 0 to logical package 0
[    3.485370] smpboot: Max logical packages: 1
[    3.513585] x2apic enabled
[    3.520561] Switched APIC routing to physical x2apic.
[    3.535261] ..TIMER: vector=0x30 apic1=0 pin1=2 apic2=-1 pin2=-1
[    3.656636] smpboot: CPU0: Intel(R) Core(TM) i5-5350U CPU @ 1.80GHz (family: 0x6, model: 0x3d, stepping: 0x4)
[    3.676765] Performance Events: unsupported p6 CPU model 61 no PMU driver, software events only.
[    3.690196] KVM setup paravirtual spinlock
[    3.695200] x86: Booting SMP configuration:
[    3.697325] .... node  #0, CPUs:      #1
[    3.700436] kvm-clock: cpu 1, msr 0:3ffe3041, secondary cpu clock
[    3.703211] mce: CPU supports 0 MCE banks
[    3.706360] x86: Booted up 1 node, 2 CPUs
[    3.708165] smpboot: Total of 2 processors activated (7199.99 BogoMIPS)
[    3.714105] devtmpfs: initialized
[    3.717232] evm: security.selinux
[    3.718608] evm: security.SMACK64
[    3.721989] evm: security.SMACK64EXEC
[    3.730236] evm: security.SMACK64TRANSMUTE
[    3.738741] evm: security.SMACK64MMAP
[    3.743109] evm: security.ima
[    3.751249] evm: security.capability
[    3.764985] clocksource: jiffies: mask: 0xffffffff max_cycles: 0xffffffff, max_idle_ns: 7645041785100000 ns
[    3.769892] futex hash table entries: 512 (order: 3, 32768 bytes)
[    3.778556] pinctrl core: initialized pinctrl subsystem
[    3.781280] RTC time: 14:44:08, date: 10/29/18
[    3.789056] NET: Registered protocol family 16
[    3.801144] cpuidle: using governor ladder
[    3.824663] cpuidle: using governor menu
[    3.835791] PCCT header not found.
[    3.845162] ACPI: bus type PCI registered
[    3.850416] acpiphp: ACPI Hot Plug PCI Controller Driver version: 0.5
[    3.867138] PCI: Using configuration type 1 for base access
[    3.899520] ACPI: Added _OSI(Module Device)
[    3.924773] ACPI: Added _OSI(Processor Device)
[    3.957597] ACPI: Added _OSI(3.0 _SCP Extensions)
[    3.969623] ACPI: Added _OSI(Processor Aggregator Device)
[    3.991702] ACPI: Executed 1 blocks of module-level executable AML code
[    4.005904] ACPI: Interpreter enabled
[    4.011792] ACPI: (supports S0 S5)
[    4.017711] ACPI: Using IOAPIC for interrupt routing
[    4.024055] PCI: Using host bridge windows from ACPI; if necessary, use "pci=nocrs" and report a bug
[    4.036388] ACPI: PCI Root Bridge [PCI0] (domain 0000 [bus 00-ff])
[    4.039147] acpi PNP0A03:00: _OSC: OS supports [ASPM ClockPM Segments MSI]
[    4.042250] acpi PNP0A03:00: _OSC: not requesting OS control; OS requires [ExtendedConfig ASPM ClockPM MSI]
[    4.047849] acpi PNP0A03:00: fail to add MMCONFIG information, can't access extended PCI configuration space under this bridge.
[    4.054668] PCI host bridge to bus 0000:00
[    4.059309] pci_bus 0000:00: root bus resource [io  0x0000-0x0cf7 window]
[    4.064563] pci_bus 0000:00: root bus resource [io  0x0d00-0xffff window]
[    4.068673] pci_bus 0000:00: root bus resource [mem 0x000a0000-0x000bffff window]
[    4.078799] pci_bus 0000:00: root bus resource [mem 0x40000000-0xfdffffff window]
[    4.104715] pci_bus 0000:00: root bus resource [bus 00-ff]
[    4.123277] pci 0000:00:01.1: legacy IDE quirk: reg 0x10: [io  0x01f0-0x01f7]
[    4.136479] pci 0000:00:01.1: legacy IDE quirk: reg 0x14: [io  0x03f6]
[    4.155009] pci 0000:00:01.1: legacy IDE quirk: reg 0x18: [io  0x0170-0x0177]
[    4.167037] pci 0000:00:01.1: legacy IDE quirk: reg 0x1c: [io  0x0376]
[    4.217337] pci 0000:00:07.0: quirk: [io  0x4000-0x403f] claimed by PIIX4 ACPI
[    4.234402] pci 0000:00:07.0: quirk: [io  0x4100-0x410f] claimed by PIIX4 SMB
[    4.262678] ACPI: PCI Interrupt Link [LNKA] (IRQs 5 9 10 *11)
[    4.270406] ACPI: PCI Interrupt Link [LNKB] (IRQs 5 9 *10 11)
[    4.273691] ACPI: PCI Interrupt Link [LNKC] (IRQs 5 *9 10 11)
[    4.279336] ACPI: PCI Interrupt Link [LNKD] (IRQs 5 9 10 *11)
[    4.282642] ACPI: Enabled 2 GPEs in block 00 to 07
[    4.289745] vgaarb: setting as boot device: PCI:0000:00:02.0
[    4.296768] vgaarb: device added: PCI:0000:00:02.0,decodes=io+mem,owns=io+mem,locks=none
[    4.319219] vgaarb: loaded
[    4.320390] vgaarb: bridge control possible 0000:00:02.0
[    4.327485] SCSI subsystem initialized
[    4.329507] ACPI: bus type USB registered
[    4.334921] usbcore: registered new interface driver usbfs
[    4.351796] usbcore: registered new interface driver hub
[    4.358326] usbcore: registered new device driver usb
[    4.368933] PCI: Using ACPI for IRQ routing
[    4.375343] NetLabel: Initializing
[    4.377386] NetLabel:  domain hash size = 128
[    4.380580] NetLabel:  protocols = UNLABELED CIPSOv4
[    4.383413] NetLabel:  unlabeled traffic allowed by default
[    4.388160] amd_nb: Cannot enumerate AMD northbridges
[    4.391883] clocksource: Switched to clocksource kvm-clock
[    4.416840] AppArmor: AppArmor Filesystem Enabled
[    4.419271] pnp: PnP ACPI init
[   4.422561] pnp: PnP ACPI: found 3 devices

[    4.467843] clocksource: acpi_pm: mask: 0xffffff max_cycles: 0xffffff, max_idle_ns: 2085701024 ns
[    4.47143] NET: Registered protocol family 2

[    4.501109] TCP established hash table entries: 8192 (order: 4, 65536 bytes)
[   4.506339] TCP bind hah table entries: 8192 (order: 5, 131072bytes)
[    4.587052] TCP: Hash tables configured (establshed 8192 bid 92
[    4.74634] UDP hash table entries: 512 (order 2, 16384 bytes)
[    4.803170] UDP-Lie hash table entries: 512 (order: 2, 16384 bytes)
[    4.83398 NET: Registered protocol family 1
[   .903923] pci 0000:00:00.0: Limiting direct PCI/PCI transfers
[    5.005061] pci00:00:1.0: tivating IS DMA hang worarouns
[    5.287208] Unacking initramfs...

[    5.626452] Freeing initrd memory: 14788K
[    5.638778] RAPL PMU detected, API unit is 2^-32 Joules, 4 fixed counters 10737418240 ms ovfl timer
[    5.644274] hw unit of domain pp0-core 2^-0 Joules
[    5.660945] hw unit of domain package 2^-0 Joules
[    5.673211] hw unit of domain dram 2^-0 Joules
[    5.675441] hw unit of domain pp1-gpu 2^-0 Joules
[    5.688480] platform rtc_cmos: registered platform RTC device (no PNP device found)
[    5.692555] Scanning for low memory corruption every 60 seconds
[    5.699020] audit: initializing netlink subsys (disabled)
[    5.714516] audit: type=2000 audit(1540824254.630:1): initialized
[    5.722009] Initialise system trusted keyring
[    5.725973] HugeTLB registered 2 MB page size, pre-allocated 0 pages
[    5.737434] zbud: loaded
[    5.747764] VFS: Disk quotas dquot_6.6.0
[    5.756728] VFS: Dquot-cache hash table entries: 512 (order 0, 4096 bytes)
[    5.776526] squashfs: version 4.0 (2009/01/31) Phillip Lougher
[    5.792923] fuse init (API version 7.23)
[    5.802003] Key type big_key registered
[    5.820691] Allocating IMA MOK and blacklist keyrings.
[    5.837744] Key type asymmetric registered
[    5.841211] Asymmetric key parser 'x509' registered
[    5.845256] Block layer SCSI generic (bsg) driver version 0.4 loaded (major 249)
[    5.857311] io scheduler noop registered
[    5.859528] io scheduler deadline registered (default)
[    5.865616] io scheduler cfq registered
[    5.874634] pci_hotplug: PCI Hot Plug PCI Core version: 0.5
[    5.884869] pciehp: PCI Express Hot Plug Controller Driver version: 0.4
[    5.890133] ACPI: AC Adapter [AC] (on-line)
[    5.899982] input: Power Button as /devices/LNXSYSTM:00/LNXPWRBN:00/input/input0
[    5.910454] ACPI: Power Button [PWRF]
[    5.925420] input: Sleep Button as /devices/LNXSYSTM:00/LNXSLPBN:00/input/input1
[    5.928838] ACPI: Sleep Button [SLPF]
[    5.942705] GHES: HEST is not enabled!
[    5.945387] Serial: 8250/16550 driver, 32 ports, IRQ sharing enabled
[    5.974766] 00:02: ttyS0 at I/O 0x3f8 (irq = 4, base_baud = 115200) is a 16550A
[    5.990454] Linux agpgart interface v0.103
[    6.006504] loop: module loaded
[    6.023218] scsi host0: ata_piix
[    6.035261] scsi host1: ata_piix
[    6.057641] ata1: PATA max UDMA/33 cmd 0x1f0 ctl 0x3f6 bmdma 0xd000 irq 14
[    6.069146] ata2: PATA max UDMA/33 cmd 0x170 ctl 0x376 bmdma 0xd008 irq 15
[    6.080362] liphy:ixed MDIO Bus: probed
[    .1889188] tun: Univers TUN/TAP device drver, .6
[[   .349159] tun: (C) 1999-004 Max Krasnyansky <maxk@qualcomm.com>

[    6.437825] PPP generic driver version 2.4.2
[    6.442424] ehci_hcd: USB 2.0 'Enhanced' Host Controller (EHCI) Driver
[    6.464715] ehci-pci: EHCI PCI platform driver
[    6.470502] ehci-platform: EHCI generic platform driver
[    6.476461] ohci_hcd: USB 1.1 'Open' Host Controller (OHCI) Driver
[    6.495859] ohci-pci: OHCI PCI platform driver
[    6.502947] ohci-platform: OHCI generic platform driver
[    6.517665] uhci_hcd: USB Universal Host Controller Interface driver
[    6.538681] i8042: PNP: PS/2 Controller [PNP0303:PS2K,PNP0f03:PS2M] at 0x60,0x64 irq 1,12
[    6.554627] serio: i8042 KBD port at 0x60,0x64 irq 1
[    6.558781] serio: i8042 AUX port at 0x60,0x64 irq 12
[    6.561134] mousedev: PS/2 mouse device common for all mice
[    6.587535] rtc_cmos rtc_cmos: rtc core: registered rtc_cmos as rtc0
[    6.616406] input: AT Translated Set 2 keyboard as /devices/platform/i8042/serio0/input/input2
[    6.631046] rtc_cmos rtc_cmos: alarms up to one day, 114 bytes nvram
[    6.653308] i2c /dev entries driver
[    6.656492] device-mapper: uevent: version 1.0.3
[    6.661485] device-mapper: ioctl: 4.34.0-ioctl (2015-10-28) initialised: dm-devel@redhat.com
[    6.673388] ledtrig-cpu: registered to indicate activity on CPUs
[    6.676548] NET: Registered protocol family 10
[    6.688098] tsc: Refined TSC clocksource calibration: 1799.377 MHz
[    6.692024] clocksource: tsc: mask: 0xffffffffffffffff max_cycles: 0x19efdcfb218, max_idle_ns: 440795233710 ns
[    6.696315] NET: Registered protocol family 17
[    6.696331] Key type dns_resolver registered
[    6.716466] registered taskstats version 1
[    6.716478] Loading compiled-in X.509 certificates
[    6.717702] Loaded X.509 cert 'Build time autogenerated kernel key: 20acc96b50ca7641011eace69d32209215a9b56f'
[    6.717733] zswap: loaded using pool lzo/zbud
[    6.726004] Key type trusted registered
[    6.729420] Key type encrypted registered
[    6.729429] AppArmor: AppArmor sha1 policy hashing enabled
[    6.729432] ima: No TPM chip found, activating TPM-bypass!
[    6.729438] ima: Allocated hash algorithm: sha1
[    6.729453] evm: HMAC attrs: 0x1
[    6.730019]   Magic number: 6:374:739
[    6.734151] rtc_cmos rtc_cmos: setting system clock to 2018-10-29 14:44:11 UTC (1540824251)
[    6.734267] BIOS EDD facility v0.16 2004-Jun-25, 0 devices found
[    6.734267] EDD information not available.
[    6.874789] Freeing unused kernel memory: 1528K
[    6.904413] Write protecting the kernel read-only data: 14336k
[    6.914036] Freeing unused kernel memory: 1672K
[    7.016239] Freeing unused kernel memory: 92K
Loading, please wait...
starting version[    7.038273] random: systemd-udevd: uninitialized urandom read (16 bytes read, 5 bits of entropy available)
 229
[    7.038782] random: udevadm: uninitialized urandom read (16 bytes read, 5 bits of entropy available)
[    7.038801] random: udevadm: uninitialized urandom read (16 bytes read, 5 bits of entropy available)
[    7.048714] random: udevadm: uninitialized urandom read (16 bytes read, 5 bits of entropy available)
[    7.048781] random: udevadm: uninitialized urandom read (16 bytes read, 5 bits of entropy available)
[    7.048942] random: udevadm: uninitialized urandom read (16 bytes read, 5 bits of entropy available)
[    7.048991] random: udevadm: uninitialized urandom read (16 bytes read, 5 bits of entropy available)
[    7.049040] random: udevadm: uninitialized urandom read (16 bytes read, 5 bits of entropy available)
[    7.049300] random: udevadm: uninitialized urandom read (16 bytes read, 5 bits of entropy available)
[    7.049371] random: udevadm: uninitialized urandom read (16 bytes read, 5 bits of entropy available)
[    7.292239] e1000: Intel(R) PRO/1000 Network Driver - version 7.3.21-k8-NAPI
[    7.327167] e1000: Copyright (c) 1999-2006 Intel Corporation.
[    7.368559] Fusion MPT base driver 3.04.20
[    7.392940] Copyright (c) 1999-2008 LSI Corporation
[    7.431826] Fusion MPT SPI Host driver 3.04.20
[    7.468620] AVX2 version of gcm_enc/dec engaged.
[    7.483202] AES CTR mode by8 optimization enabled
[    7.615683] input: ImExPS/2 Generic Explorer Mouse as /devices/platform/i8042/serio1/input/input4
[    8.003340] e1000 0000:00:03.0 eth0: (PCI:33MHz:32-bit) 02:28:89:27:00:51
[    8.007124] e1000 0000:00:03.0 eth0: Intel(R) PRO/1000 Network Connection
[    8.513860] e1000 0000:00:08.0 eth1: (PCI:33MHz:32-bit) 08:00:27:eb:15:1e
[    8.520368] e1000 0000:00:08.0 eth1: Intel(R) PRO/1000 Network Connection
[    8.530893] e1000 0000:00:03.0 enp0s3: renamed from eth0
[    8.539232] mptbase: ioc0: Initiating bringup
[    8.561364] e1000 0000:00:08.0 enp0s8: renamed from eth1
[    8.609387] ioc0: LSI53C1030 A0: Capabilities={Initiator}
[    9.378773] scsi host2: ioc0: LSI53C1030 A0, FwRev=00000000h, Ports=1, MaxQ=256, IRQ=20
[    9.814693] scsi 2:0:0:0: Direct-Access     VBOX     HARDDISK         1.0  PQ: 0 ANSI: 5
[    9.832828] scsi target2:0:0: Beginning Domain Validation
[    9.870242] scsi target2:0:0: Domain Validation skipping write tests
[    9.877348] scsi target2:0:0: Ending Domain Validation
[   10.061304] scsi target2:0:0: asynchronous
[   10.072315] scsi 2:0:1:0: Direct-Access     VBOX     HARDDISK         1.0  PQ: 0 ANSI: 5
[   10.508042] scsi target2:0:1: Beginning Domain Validation
[   10.513732] scsi target2:0:1: Domain Validation skipping write tests
[   10.516773] scsi target2:0:1: Ending Domain Validation
[   10.519573] scsi target2:0:1: asynchronous
[   10.535714] sd 2:0:0:0: Attached scsi generic sg0 type 0
[   10.544887] sd 2:0:1:0: Attached scsi generic sg1 type 0
[   10.545150] sd 2:0:0:0: [sda] 20971520 512-byte logical blocks: (10.7 GB/10.0 GiB)
[   10.564016] sd 2:0:1:0: [sdb] 20480 512-byte logical blocks: (10.5 MB/10.0 MiB)
[   10.564017] sd 2:0:0:0: [sda] Write Protect is off
[   10.581793] sd 2:0:0:0: [sda] Incomplete mode parameter data
[   10.582239] sd 2:0:1:0: [sdb] Write Protect is off
[   10.582434] sd 2:0:1:0: [sdb] Incomplete mode parameter data
[   10.582436] sd 2:0:1:0: [sdb] Assuming drive cache: write through
[   10.586491] sd 2:0:1:0: [sdb] Attached SCSI disk
[   10.604381] sd 2:0:0:0: [sda] Assuming drive cache: write through
[   10.611205]  sda: sda1
[   10.614471] sd 2:0:0:0: [sda] Attached SCSI disk
Begin: Loading e[   12.170382] md: linear personality registered for level -1
ssential drivers[   12.198539] md: multipath personality registered for level -4
 ... [   12.206707] md: raid0 personality registered for level 0
[   12.221702] md: raid1 personality registered for level 1
[   12.316138] raid6: sse2x1   gen()  3429 MB/s
[   12.388007] raid6: sse2x1   xor()  5571 MB/s
[   12.460208] raid6: sse2x2   gen()  9843 MB/s
[   12.528447] raid6: sse2x2   xor()  6127 MB/s
[   12.604445] raid6: sse2x4   gen() 11327 MB/s
[   12.684488] raid6: sse2x4   xor()  7956 MB/s
[   12.756109] raid6: avx2x1   gen() 15501 MB/s
[   12.836150] raid6: avx2x2   gen() 18239 MB/s
[   12.916105] raid6: avx2x4   gen() 17872 MB/s
[   12.920409] raid6: using algorithm avx2x2 gen() 18239 MB/s
[   12.922552] raid6: using avx2x2 recovery algorithm
[   12.927760] xor: automatically using best checksumming function:
[   12.980099]    avx       : 23157.000 MB/sec
[   12.983927] async_tx: api initialized (async)
[   12.997395] md: raid6 personality registered for level 6
[   13.005318] md: raid5 personality registered for level 5
[   13.008956] md: raid4 personality registered for level 4
[   13.031371] md: raid10 personality registered for level 10
done.
Begin: Running /scripts/init-premount ... done.
Begin: Mounting root file system ... Begin: Running /scripts/local-top ... done.
Begin: Running /scripts/local-premount ... [   13.087994] Btrfs loaded
Scanning for Btrfs filesystems
done.
Warning: fsck not present, so skipping root file system
[   13.159168] EXT4-fs (sda1): INFO: recovery required on readonly filesystem
[   13.161644] EXT4-fs (sda1): write access will be enabled during recovery
[   13.260386] EXT4-fs (sda1): recovery complete
[   13.262501] EXT4-fs (sda1): mounted filesystem with ordered data mode. Opts: (null)
done.
Begin: Running /scripts/local-bottom ... done.
Begin: Running /scripts/init-bottom ... done.
[   13.562395] systemd[1]: systemd 229 running in system mode. (+PAM +AUDIT +SELINUX +IMA +APPARMOR +SMACK +SYSVINIT +UTMP +LIBCRYPTSETUP +GCRYPT +GNUTLS +ACL +XZ -LZ4 +SECCOMP +BLKID +ELFUTILS +KMOD -IDN)
[   13.595133] systemd[1]: Detected virtualization oracle.
[   13.603569] systemd[1]: Detected architecture x86-64.

Welcome to [1mUbuntu 16.04.5 LTS[0m!

[   13.630630] systemd[1]: Set hostname to <ubuntu-xenial>.
[   14.081863] systemd[1]: Listening on Journal Socket.
[[0;32m  OK  [0m] Listening on Journal Socket.
[   14.111491] systemd[1]: Listening on LVM2 poll daemon socket.
[[0;32m  OK  [0m] Listening on LVM2 poll daemon socket.
[   14.126693] systemd[1]: Started Forward Password Requests to Wall Directory Watch.
[[0;32m  OK  [0m] Started Forward Password Requests to Wall Directory Watch.
[   14.146474] systemd[1]: Created slice User and Session Slice.
[[0;32m  OK  [0m] Created slice User and Session Slice.
[   14.170993] systemd[1]: Reached target Encrypted Volumes.
[[0;32m  OK  [0m] Reached target Encrypted Volumes.
[   14.200983] systemd[1]: Listening on udev Kernel Socket.
[[0;32m  OK  [0m] Listening on udev Kernel Socket.
[   14.232300] systemd[1]: Listening on Journal Audit Socket.
[[0;32m  OK  [0m] Listening on Journal Audit Socket.
[   14.260268] systemd[1]: Listening on /dev/initctl Compatibility Named Pipe.
[[0;32m  OK  [0m] Listening on /dev/initctl Compatibility Named Pipe.
[   14.284238] systemd[1]: Reached target Swap.
[[0;32m  OK  [0m] Reached target Swap.
[   14.295849] systemd[1]: Listening on Syslog Socket.
[[0;32m  OK  [0m] Listening on Syslog Socket.
[   14.304595] systemd[1]: Listening on LVM2 metadata daemon socket.
[[0;32m  OK  [0m] Listening on LVM2 metadata daemon socket.
[   14.324590] systemd[1]: Listening on Device-mapper event daemon FIFOs.
[[0;32m  OK  [0m] Listening on Device-mapper event daemon FIFOs.
[   14.346019] systemd[1]: Listening on Journal Socket (/dev/log).
[[0;32m  OK  [0m] Listening on Journal Socket (/dev/log).
[   14.364914] systemd[1]: Started Trigger resolvconf update for networkd DNS.
[[0;32m  OK  [0m] Started Trigger resolvconf update for networkd DNS.
[   14.400704] systemd[1]: Created slice System Slice.
[[0;32m  OK  [0m] Created slice System Slice.
[   14.416068] systemd[1]: Reached target Slices.
[[0;32m  OK  [0m] Reached target Slices.
[   14.468586] systemd[1]: Starting Load Kernel Modules...
[   14.482542] ading iSCSI transport class v2.0-870.

         Startin[   14.550052] random: nonblocking pool is initialized
g Load Kernel Modules...
[   14.585281] systemd[1]: Starting Monitoring of LVM2 mirrors, snapshots etc. using dmeventd or progress polling...
         Starting Monitoring of LVM2 mirrors... dmeventd or progress poll[   14.617668] iscsi: registered transport (tcp)
ing...
[   14.634406] systemd[1]: Mounting Debug File System...
         Mounting Debug File System...
[   14.692288] systemd[1]: Starting Remount Root and Kernel File Systems...
         Starting Remount[   14.735844] EXT4-fs (sda1): re-mounted. Opts: (null)
 Root and Kernel File Systems...
[   14.807274] iscsi: registered transport (iser)
[   14.852308] systemd[1]: Starting Set console keymap...
         Starting Set console keymap...
[   14.896099] systemd[1]: Mounting POSIX Message Queue File System...
         Mounting POSIX Message Queue File System...
[   14.946089] systemd[1]: Mounting Huge Pages File System...
         Mounting Huge Pages File System...
[   14.965965] systemd[1]: Starting Journal Service...
         Starting Journal Service...
[   14.995393] systemd[1]: Created slice system-serial\x2dgetty.slice.
[[0;32m  OK  [0m] Created slice system-serial\x2dgetty.slice.
[   15.014372] systemd[1]: Starting Uncomplicated firewall...
         Starting Uncomplicated firewall...
[   15.026100] systemd[1]: Reached target User and Group Name Lookups.
[[0;32m  OK  [0m] Reached target User and Group Name Lookups.
[   15.049034] systemd[1]: ache targe System Time Synchronized.

[[0;32m  OK  [0m] Reached target System Time Synchronized.
[   15.189645] systemd[1]: Starting Create list of required static device nodes for the current kernel...
         Starting Create list of required st... nodes for the current kernel...
[   15.225161] systemd[1]: Listening on udev Control Socket.
[[0;32m  OK  [0m] Listening on udev Control Socket.
[   15.249273] systemd[1]: Starting Nameserver information manager...
         Starting Nameserver information manager...
[   15.266845] systemd[1]: Set up automount Arbitrary Executable File Formats File System Automount Point.
[[0;32m  OK  [0m] Set up automount Arbitrary Executab...ats File System Automount Point.
[   15.330336] systemd[1]: Mounted Debug File System.
[[0;32m  OK  [0m] Mounted Debug File System.
[   15.353025] systemd[1]: Mounted POSIX Message Queue File System.
[[0;32m  OK  [0m] Mounted POSIX Message Queue File System.
[   15.364911] systemd[1]: Mounted Hge Pages File System.

[[0;32m  OK  [0m] Mounted Huge Pages File System.
[   15.409838] systemd[1]: Started Journal Service.
[[0;32m  OK  [0m] Started Journal Service.
[[0;32m  OK  [0m] Started Load Kernel Modules.
[[0;32m  OK  [0m] Started Remount Root and Kernel File Systems.
[[0;32m  OK  [0m] Started Set console keymap.
[[0;32m  OK  [0m] Started Uncomplicated firewall.
[[0;32m  OK  [0m] Started Create list of required sta...ce nodes for the current kernel.
[[0;32m  OK  [0m] Started Nameserver information manager.
[[0;32m  OK  [0m] Started LVM2 metadata daemon.
         Starting Create Static Device Nodes in /dev...
         Starting udev Coldplug all Devices...
         Starting Load/Save Random Seed...
         Starting Apply Kernel Variables...
         Mounting FUSE Control File System...
         Starting Flush Journal to Persistent Storage...
[[0;32m  OK  [0m] Mounted FUSE Control File System.
[[0;32m  OK  [0m] Started Create Static Device Nodes in /dev.
[[0;32m  OK  [0m] Started Load/Save Random Seed.
[[0;32m  OK  [0m] Started Apply Kernel Variables.
[[0;32m  OK  [0m] Started udev Coldplug all Devices.
[[0;32m  OK  [0m] Started Flush Journal to Persistent Storage.
         Starting udev Kernel Device Manager...
[[0;32m  OK  [0m] Started udev Kernel Device Manager.
[[0;32m  OK  [0m] Started Dispatch Password Requests to Console Directory Watch.
[[0;32m  OK  [0m] Started Monitoring of LVM2 mirrors,...ng dmeventd or progress polling.
[[0;32m  OK  [0m] Reached target Local File Systems (Pre).
[[0;32m  OK  [0m] Reached target Local File Systems.
         Starting Initial cloud-init job (pre-networking)...
         Starting Tell Plymouth To Write Out Runtime Data...
         Starting Set console font and keymap...
         Starting Create Volatile Files and Directories...
         Starting LSB: AppArmor initialization...
[[0;32m  OK  [0m] Started Create Volatile Files and Directories.
[[0;32m  OK  [0m] Started Tell Plymouth To Write Out Runtime Data.
[[0;32m  OK  [0m] Found device /dev/ttyS0.
[[0;32m  OK  [0m] Started LSB: AppArmor initialization.
[[0;32m  OK  [0m] Listening on Load/Save RF Kill Switch Status /dev/rfkill Watch.
         Starting Update UTMP about System Boot/Shutdown...
[[0;32m  OK  [0m] Found device 82540EM Gigabit Ethern...r (PRO/1000 MT Desktop Adapter).
[[0;32m  OK  [0m] Started Update UTMP about System Boot/Shutdown.
[[0;32m  OK  [0m] Started Set console font and keymap.
[[0;32m  OK  [0m] Created slice system-getty.slice.
[   14.613282] cloud-init[494]: Cloud-init v. 18.3-9-g2e62cb8a-0ubuntu1~16.04.2 running 'init-local' at Mon, 29 Oct 2018 14:44:22 +0000. Up 14.14 seconds.
[[0;32m  OK  [0m] Started Initial cloud-init job (pre-networking).
[[0;32m  OK  [0m] Reached target Network (Pre).
[[0;32m  OK  [0m] Started ifup for enp0s3.
         Starting Raise network interfaces...
[[0;32m  OK  [0m] Started Raise network interfaces.
[[0;32m  OK  [0m] Reached target Network.
         Starting Initial cloud-init job (metadata service crawler)...
[   15.955818] cloud-init[974]: Cloud-init v. 18.3-9-g2e62cb8a-0ubuntu1~16.04.2 running 'init' at Mon, 29 Oct 2018 14:44:24 +0000. Up 15.42 seconds.
[   15.990477] cloud-init[974]: ci-info: +++++++++++++++++++++++++++++++++++++Net device info++++++++++++++++++++++++++++++++++++++
[   16.008994] cloud-init[974]: ci-info: +--------+-------+--------------------------+---------------+--------+-------------------+
[   16.057092] [cloud-init[0;32m  OK  [0m[974]: ] ci-info: | Device |   Up  |         Address          |      Mask     | Scope  |     Hw-Address    |Started Initial cloud-init job (metadata service crawler).

[   16.144760] [[0;32m  OK  [0m] Reached target System Initialization.
         Starting LXD - unix socket.
cloud-init[974]: ci-info: +--------+-------+--------------------------+---------------+--------+-------------------+
[   16.192497] [[0;32m  OK  [0m] Started Daily Cleanup of Temporary Directories.
[cloud-init[0;32m  OK  [0m[974]: ] ci-info: | enp0s3 |  True |        10.0.2.15         | 255.255.255.0 | global | 02:28:89:27:00:51 |Listening on D-Bus System Message Bus Socket.

[   16.258721] [[0;32m  OK  [0m] Listening on ACPID Listen Socket.
cloud-init[974]: ci-info: | enp0s3 |  True | fe80::28:89ff:fe27:51/64 |       .       |  link  | 02:28:89:27:00:51 |
[   16.293677] [[0;32m  OK  [0m] Started Daily apt download activities.
[[0;32m  OK  [0m] Started Daily apt upgrade and clean activities.
[[0;32m  OK  [0m] Reached target Timers.
[[0;32m  OK  [0m] Listening on UUID daemon activation socket.
cloud-init[974]: ci-info: | enp0s8 | False |            .             |       .       |   .    | 08:00:27:eb:15:1e |
[[0;32m  OK  [0m] Started ACPI Events Check.
[[0;32m  OK  [0m] Reached target Paths.
         Starting Socket activation for snappy daemon.
[[0;32m  OK  [0m] Reached target Cloud-config availability.
[[0;32m  OK  [0m] Reached target Network is Online.
[   16.371890] cloud-init[974]: ci-info: |   lo   |  True |        127.0.0.1         |   255.0.0.0   |  host  |         .         |
[   16.469334]          cloud-initStarting iSCSI initiator daemon (iscsid)...[974]: 
ci-info: |   lo   |  True |         ::1/128          |       .       |  host  |         .         |
[   16.612656] [cloud-init[0;32m  OK  [0m[974]: ] ci-info: +--------+-------+--------------------------+---------------+--------+-------------------+Listening on LXD - unix socket.

[   16.724440] [cloud-init[0;32m  OK  [0m[974]: ] ci-info: +++++++++++++++++++++++++++Route IPv4 info++++++++++++++++++++++++++++Listening on Socket activation for snappy daemon.

[   16.726718] cloud-init[974]: ci-info: +-------+-------------+----------+---------------+-----------+-------+
[   16.783430] cloud-init[974]: ci-info: | Route | Destination | Gateway  |    Genmask    | Interface | Flags |
[   16.805651] cloud-init[[0;32m  OK  [0m] Reached target Sockets.
[[0;32m  OK  [0m] Reached target Basic System.
[974]: ci-info: +-------+-------------+----------+---------------+-----------+-------+
[   16.893341]          cloud-initStarting System Logging Service...[974]: 
ci-info: |   0   |   0.0.0.0   | 10.0.2.2 |    0.0.0.0    |   enp0s3  |   UG  |
[[0;32m  OK  [0m] Started D-Bus System Message Bus.
[   16.960861] cloud-init[974]: ci-info: |   1   |   10.0.2.0  | 0.0.0.0  | 255.255.255.0 |   enp0s3  |   U   |
[   17.097304]          cloud-initStarting Login Service...[974]: 
ci-info: +-------+-------------+----------+---------------+-----------+-------+
[   17.140612] [[0;32m  OK  [0m] Started FUSE filesystem for LXC.
[[0;32m  OK  [0m] Started Unattended Upgrades Shutdown.
cloud-init[974]: ci-info: +++++++++++++++++++Route IPv6 info+++++++++++++++++++
[   17.230265]          Starting /etc/rc.local Compatibility...
cloud-init[974]: ci-info: +-------+-------------+---------+-----------+-------+
         [   17.287579] cloud-init[974]: ci-info: | Route | Destination | Gateway | Interface | Flags |
[   17.289135] cloud-init[974]: ci-info: +-------+-------------+---------+-----------+-------+
[   17.289552] cloud-init[974]: ci-info: |   0   |  fe80::/64  |    ::   |   enp0s3  |   U   |
Starting Accounts Service...
[   17.290771] cloud-init[974]: ci-info: |   3   |   ff00::/8  |    ::   |   enp0s3  |   U   |
[   17.409395]          cloud-initStarting LSB: MD monitoring daemon...[974]: 
ci-info: +-------+-------------+---------+-----------+-------+
[[0;32m  OK  [0m] Started ACPI event daemon.
[[0;32m  OK  [0m] Started Regular background program processing daemon.
[[0;32m  OK  [0m] Started Deferred execution scheduler.
         Starting LSB: Record successful boot for GRUB...
         Starting Virtualbox guest utils...
         Starting OpenBSD Secure Shell server...
         Starting Snappy daemon...
         Starting LXD - container startup/shutdown...
[[0;32m  OK  [0m] Started System Logging Service.
[[0;32m  OK  [0m] Started OpenBSD Secure Shell server.
[[0;32m  OK  [0m] Started iSCSI initiator daemon (iscsid).
[[0;32m  OK  [0m] Started /etc/rc.local Compatibility.
[[0;32m  OK  [0m] Started LSB: MD monitoring daemon.
[[0;32m  OK  [0m] Started LSB: Record successful boot for GRUB.
[[0;32m  OK  [0m] Started Login Service.
         Starting Authenticate and Authorize Users to Run Privileged Tasks...
         Starting Login to default iSCSI targets...
[[0;32m  OK  [0m] Started LXD - container startup/shutdown.
[[0;32m  OK  [0m] Started Authenticate and Authorize Users to Run Privileged Tasks.
[[0;32m  OK  [0m] Started Virtualbox guest utils.
[[0;32m  OK  [0m] Started Accounts Service.
[[0;32m  OK  [0m] Started Snappy daemon.
         Starting Wait until snapd is fully seeded...
[[0;32m  OK  [0m] Started Wait until snapd is fully seeded.
[[0;32m  OK  [0m] Started Login to default iSCSI targets.
[[0;32m  OK  [0m] Reached target Remote File Systems (Pre).
[[0;32m  OK  [0m] Reached target Remote File Systems.
         Starting LSB: daemon to balance interrupts for SMP systems...
         Starting LSB: Set the CPU Frequency Scaling governor to "ondemand"...
         Starting Permit User Sessions...
         Starting LSB: automatic crash report generation...
         Starting Apply the settings specified in cloud-config...
[[0;32m  OK  [0m] Started Permit User Sessions.
         Starting Hold until boot process finishes up...
         Starting Terminate Plymouth Boot Screen...
[[0;32m  OK  [0m] Started LSB: daemon to balance interrupts for SMP systems.
[[0;32m  OK  [0m] Started LSB: Set the CPU Frequency Scaling governor to "ondemand".
[[0;32m  OK  [0m] Started Hold until boot process finishes up.
[[0;32m  OK  [0m] Started Terminate Plymouth Boot Screen.
[[0;32m  OK  [0m] Started Serial Getty on ttyS0.
[[0;32m  OK  [0m] Started Getty on tty1.
[[0;32m  OK  [0m] Reached target Login Prompts.
         Starting Set console scheme...
[[0;32m  OK  [0m] Started LSB: automatic crash report generation.
[[0;32m  OK  [0m] Started Set console scheme.
[[0;32m  OK  [0m] Reached target Multi-User System.
[[0;32m  OK  [0m] Reached target Graphical Interface.
         Starting Update UTMP about System Runlevel Changes...
[[0;32m  OK  [0m] Started Update UTMP about System Runlevel Changes.
[   19.274871] cloud-init[1169]: Cloud-init v. 18.3-9-g2e62cb8a-0ubuntu1~16.04.2 running 'modules:config' at Mon, 29 Oct 2018 14:44:27 +0000. Up 19.10 seconds.
[[0;32m  OK  [0m] Started Apply the settings specified in cloud-config.
         Starting Execute cloud user/final scripts...
[   19.930966] cloud-init[1220]: Cloud-init v. 18.3-9-g2e62cb8a-0ubuntu1~16.04.2 running 'modules:final' at Mon, 29 Oct 2018 14:44:28 +0000. Up 19.74 seconds.
[   19.949055] cloud-init[1220]: Cloud-init v. 18.3-9-g2e62cb8a-0ubuntu1~16.04.2 finished at Mon, 29 Oct 2018 14:44:28 +0000. Datasource DataSourceNoCloud [seed=/dev/sdb][dsmode=net].  Up 19.92 seconds
[[0;32m  OK  [0m] Started Execute cloud user/final scripts.
[[0;32m  OK  [0m] Reached target Cloud-init target.
         Starting Daily apt download activities...

Ubuntu 16.04.5 LTS ubuntu-xenial ttyS0

ubuntu-xenial login: 